Using pre-set license
Built from '2020.3/staging' branch; Version is '2020.3.19f1 (68f137dc9bbe) revision 6877495'; Using compiler version '192528614'; Build Type 'Release'
OS: 'Windows 10 Pro; OS build 19043.1237; Version 2009; 64bit' Language: 'en' Physical Memory: 32140 MB
BatchMode: 1, IsHumanControllingUs: 0, StartBugReporterOnCrash: 0, Is64bit: 1, IsPro: 0

COMMAND LINE ARGUMENTS:
C:\Program Files\Unity\Hub\Editor\2020.3.19f1\Editor\Unity.exe
-adb2
-batchMode
-noUpm
-name
AssetImportWorker0
-projectPath
C:/Users/spudt/source/repos/ArcadeSpaceFlightExample
-logFile
Logs/AssetImportWorker0.log
-srvPort
62529
Successfully changed project path to: C:/Users/spudt/source/repos/ArcadeSpaceFlightExample
C:/Users/spudt/source/repos/ArcadeSpaceFlightExample
Using Asset Import Pipeline V2.
Refreshing native plugins compatible for Editor in 27.04 ms, found 2 plugins.
Preloading 0 native plugins for Editor in 0.00 ms.
Initialize engine version: 2020.3.19f1 (68f137dc9bbe)
[Subsystems] Discovering subsystems at path C:/Program Files/Unity/Hub/Editor/2020.3.19f1/Editor/Data/Resources/UnitySubsystems
[Subsystems] Discovering subsystems at path C:/Users/spudt/source/repos/ArcadeSpaceFlightExample/Assets
GfxDevice: creating device client; threaded=0
Direct3D:
    Version:  Direct3D 11.0 [level 11.1]
    Renderer: AMD Radeon(TM) Graphics (ID=0x1636)
    Vendor:   
    VRAM:     16070 MB
    Driver:   27.20.21020.4003
Initialize mono
Mono path[0] = 'C:/Program Files/Unity/Hub/Editor/2020.3.19f1/Editor/Data/Managed'
Mono path[1] = 'C:/Program Files/Unity/Hub/Editor/2020.3.19f1/Editor/Data/MonoBleedingEdge/lib/mono/unityjit'
Mono config path = 'C:/Program Files/Unity/Hub/Editor/2020.3.19f1/Editor/Data/MonoBleedingEdge/etc'
Using monoOptions --debugger-agent=transport=dt_socket,embedding=1,server=y,suspend=n,address=127.0.0.1:56660
Begin MonoManager ReloadAssembly
Registering precompiled unity dll's ...
Register platform support module: C:/Program Files/Unity/Hub/Editor/2020.3.19f1/Editor/Data/PlaybackEngines/WebGLSupport/UnityEditor.WebGL.Extensions.dll
Register platform support module: C:/Program Files/Unity/Hub/Editor/2020.3.19f1/Editor/Data/PlaybackEngines/WindowsStandaloneSupport/UnityEditor.WindowsStandalone.Extensions.dll
Registered in 0.001999 seconds.
Native extension for WindowsStandalone target not found
Native extension for WebGL target not found
Refreshing native plugins compatible for Editor in 26.22 ms, found 2 plugins.
Preloading 0 native plugins for Editor in 0.00 ms.
Mono: successfully reloaded assembly
- Completed reload, in  1.038 seconds
Domain Reload Profiling:
	ReloadAssembly (1038ms)
		BeginReloadAssembly (46ms)
			ExecutionOrderSort (0ms)
			DisableScriptedObjects (0ms)
			BackupInstance (0ms)
			ReleaseScriptingObjects (0ms)
			CreateAndSetChildDomain (1ms)
		EndReloadAssembly (370ms)
			LoadAssemblies (44ms)
			RebuildTransferFunctionScriptingTraits (0ms)
			SetupTypeCache (135ms)
			ReleaseScriptCaches (0ms)
			RebuildScriptCaches (27ms)
			SetupLoadedEditorAssemblies (136ms)
				LogAssemblyErrors (0ms)
				InitializePlatformSupportModulesInManaged (4ms)
				SetLoadedEditorAssemblies (0ms)
				RefreshPlugins (26ms)
				BeforeProcessingInitializeOnLoad (8ms)
				ProcessInitializeOnLoadAttributes (71ms)
				ProcessInitializeOnLoadMethodAttributes (26ms)
				AfterProcessingInitializeOnLoad (0ms)
				EditorAssembliesLoaded (0ms)
			ExecutionOrderSort2 (0ms)
			AwakeInstancesAfterBackupRestoration (0ms)
Platform modules already initialized, skipping
Registering precompiled user dll's ...
Registered in 0.002366 seconds.
Begin MonoManager ReloadAssembly
Native extension for WindowsStandalone target not found
Native extension for WebGL target not found
Refreshing native plugins compatible for Editor in 0.34 ms, found 2 plugins.
Preloading 0 native plugins for Editor in 0.00 ms.
Mono: successfully reloaded assembly
- Completed reload, in  0.882 seconds
Domain Reload Profiling:
	ReloadAssembly (883ms)
		BeginReloadAssembly (129ms)
			ExecutionOrderSort (0ms)
			DisableScriptedObjects (4ms)
			BackupInstance (0ms)
			ReleaseScriptingObjects (0ms)
			CreateAndSetChildDomain (19ms)
		EndReloadAssembly (697ms)
			LoadAssemblies (71ms)
			RebuildTransferFunctionScriptingTraits (0ms)
			SetupTypeCache (236ms)
			ReleaseScriptCaches (0ms)
			RebuildScriptCaches (39ms)
			SetupLoadedEditorAssemblies (266ms)
				LogAssemblyErrors (0ms)
				InitializePlatformSupportModulesInManaged (5ms)
				SetLoadedEditorAssemblies (0ms)
				RefreshPlugins (0ms)
				BeforeProcessingInitializeOnLoad (49ms)
				ProcessInitializeOnLoadAttributes (202ms)
				ProcessInitializeOnLoadMethodAttributes (3ms)
				AfterProcessingInitializeOnLoad (5ms)
				EditorAssembliesLoaded (0ms)
			ExecutionOrderSort2 (0ms)
			AwakeInstancesAfterBackupRestoration (6ms)
Platform modules already initialized, skipping
========================================================================
Worker process is ready to serve import requests
Launched and connected shader compiler UnityShaderCompiler.exe after 0.05 seconds
Refreshing native plugins compatible for Editor in 0.34 ms, found 2 plugins.
Preloading 0 native plugins for Editor in 0.00 ms.
Unloading 1408 Unused Serialized files (Serialized files now loaded: 0)
System memory in use before: 65.5 MB.
System memory in use after: 65.6 MB.

Unloading 16 unused Assets to reduce memory usage. Loaded Objects now: 1845.
Total: 3.068600 ms (FindLiveObjects: 0.225900 ms CreateObjectMapping: 0.062900 ms MarkObjects: 2.703400 ms  DeleteObjects: 0.074900 ms)

AssetImportParameters requested are different than current active one (requested -> active):
  custom:framework-win-MediaFoundation: 216162199b28c13a410421893ffa2e32 -> 
  custom:video-decoder-ogg-theora: a1e56fd34408186e4bbccfd4996cb3dc -> 
  custom:container-muxer-webm: aa71ff27fc2769a1b78a27578f13a17b -> 
  custom:container-demuxer-webm: 4f35f7cbe854078d1ac9338744f61a02 -> 
  custom:container-demuxer-ogg: 62fdf1f143b41e24485cea50d1cbac27 -> 
  custom:video-encoder-webm-vp8: eb34c28f22e8b96e1ab97ce403110664 -> 
  custom:video-decoder-webm-vp8: 9c59270c3fd7afecdb556c50c9e8de78 -> 
  custom:audio-decoder-ogg-vorbis: bf7c407c2cedff20999df2af8eb42d56 -> 
  custom:audio-encoder-webm-vorbis: bf7c407c2cedff20999df2af8eb42d56 -> 
========================================================================
Received Import Request.
  path: Assets/ArcadeSpaceFlight/Content/Scenes/DamgeTest.unity
  artifactKey: Guid(35c91868287557a478dfe08c530a5e01) Importer(815301076,1909f56bfc062723c751e8b465ee728b)
Start importing Assets/ArcadeSpaceFlight/Content/Scenes/DamgeTest.unity using Guid(35c91868287557a478dfe08c530a5e01) Importer(815301076,1909f56bfc062723c751e8b465ee728b)  -> (artifact id: '751452b69b41b7192482380d3f7cf8bc') in 0.018161 seconds 
  Import took 0.020856 seconds .

========================================================================
Received Prepare
Refreshing native plugins compatible for Editor in 2.03 ms, found 2 plugins.
Preloading 0 native plugins for Editor in 0.00 ms.
Unloading 9 Unused Serialized files (Serialized files now loaded: 0)
System memory in use before: 37.6 MB.
System memory in use after: 37.7 MB.

Unloading 9 unused Assets to reduce memory usage. Loaded Objects now: 1845.
Total: 3.060000 ms (FindLiveObjects: 0.160500 ms CreateObjectMapping: 0.032200 ms MarkObjects: 2.845600 ms  DeleteObjects: 0.020800 ms)

AssetImportParameters requested are different than current active one (requested -> active):
  custom:framework-win-MediaFoundation: 216162199b28c13a410421893ffa2e32 -> 
  custom:video-decoder-ogg-theora: a1e56fd34408186e4bbccfd4996cb3dc -> 
  custom:container-muxer-webm: aa71ff27fc2769a1b78a27578f13a17b -> 
  custom:container-demuxer-webm: 4f35f7cbe854078d1ac9338744f61a02 -> 
  custom:container-demuxer-ogg: 62fdf1f143b41e24485cea50d1cbac27 -> 
  custom:video-encoder-webm-vp8: eb34c28f22e8b96e1ab97ce403110664 -> 
  custom:video-decoder-webm-vp8: 9c59270c3fd7afecdb556c50c9e8de78 -> 
  custom:audio-decoder-ogg-vorbis: bf7c407c2cedff20999df2af8eb42d56 -> 
  custom:audio-encoder-webm-vorbis: bf7c407c2cedff20999df2af8eb42d56 -> 
========================================================================
Received Import Request.
  Time since last request: 8.449874 seconds.
  path: Assets/ArcadeSpaceFlight/Content/Scenes/Gun DamgeTest.unity
  artifactKey: Guid(35c91868287557a478dfe08c530a5e01) Importer(815301076,1909f56bfc062723c751e8b465ee728b)
Start importing Assets/ArcadeSpaceFlight/Content/Scenes/Gun DamgeTest.unity using Guid(35c91868287557a478dfe08c530a5e01) Importer(815301076,1909f56bfc062723c751e8b465ee728b)  -> (artifact id: '94969a7cf2df379ebdb8a4de1b6a2a40') in 0.009435 seconds 
  Import took 0.014457 seconds .

========================================================================
Received Import Request.
  Time since last request: 20.299276 seconds.
  path: Assets/ArcadeSpaceFlight/Content/Scenes/Fighter Damage Test.unity
  artifactKey: Guid(9bb4669556d5c5c42b469f763e22f93a) Importer(815301076,1909f56bfc062723c751e8b465ee728b)
Start importing Assets/ArcadeSpaceFlight/Content/Scenes/Fighter Damage Test.unity using Guid(9bb4669556d5c5c42b469f763e22f93a) Importer(815301076,1909f56bfc062723c751e8b465ee728b)  -> (artifact id: '028dca9f8af40f2ba9cfd44a0d5a8a42') in 0.011495 seconds 
  Import took 0.014858 seconds .

========================================================================
Received Import Request.
  Time since last request: 13.477539 seconds.
  path: Assets/ArcadeSpaceFlight/Content/Prefabs/PlayerShip.prefab
  artifactKey: Guid(118efdd877e08f94db8b8ba4780bf098) Importer(815301076,1909f56bfc062723c751e8b465ee728b)
Start importing Assets/ArcadeSpaceFlight/Content/Prefabs/PlayerShip.prefab using Guid(118efdd877e08f94db8b8ba4780bf098) Importer(815301076,1909f56bfc062723c751e8b465ee728b)  -> (artifact id: '4c519066a2718225986ef757b6bb6470') in 0.089149 seconds 
  Import took 0.092634 seconds .

========================================================================
Received Import Request.
  Time since last request: 20.301241 seconds.
  path: Assets/RandomAreaSpawner/Prefabs/AsteroidCube.prefab
  artifactKey: Guid(8ad4830179cb48940bcf1ea63269c2f5) Importer(815301076,1909f56bfc062723c751e8b465ee728b)
Start importing Assets/RandomAreaSpawner/Prefabs/AsteroidCube.prefab using Guid(8ad4830179cb48940bcf1ea63269c2f5) Importer(815301076,1909f56bfc062723c751e8b465ee728b)  -> (artifact id: '21ffddee17027aebca9849861137dde3') in 0.016480 seconds 
  Import took 0.019266 seconds .

========================================================================
Received Import Request.
  Time since last request: 101.814578 seconds.
  path: Assets/ArcadeSpaceFlight/Content/Prefabs/Guns/Scripts/DamageHandler.cs
  artifactKey: Guid(a418a3d03ab8bd840aba643c59a77f38) Importer(815301076,1909f56bfc062723c751e8b465ee728b)
Start importing Assets/ArcadeSpaceFlight/Content/Prefabs/Guns/Scripts/DamageHandler.cs using Guid(a418a3d03ab8bd840aba643c59a77f38) Importer(815301076,1909f56bfc062723c751e8b465ee728b)  -> (artifact id: 'a3176bd12084d482d09fd723681b0302') in 0.009880 seconds 
  Import took 0.012998 seconds .

========================================================================
Received Prepare
Registering precompiled user dll's ...
Registered in 0.002217 seconds.
Begin MonoManager ReloadAssembly
Native extension for WindowsStandalone target not found
Native extension for WebGL target not found
Refreshing native plugins compatible for Editor in 0.35 ms, found 2 plugins.
Preloading 0 native plugins for Editor in 0.00 ms.
Mono: successfully reloaded assembly
- Completed reload, in  0.838 seconds
Domain Reload Profiling:
	ReloadAssembly (838ms)
		BeginReloadAssembly (97ms)
			ExecutionOrderSort (0ms)
			DisableScriptedObjects (4ms)
			BackupInstance (0ms)
			ReleaseScriptingObjects (0ms)
			CreateAndSetChildDomain (31ms)
		EndReloadAssembly (682ms)
			LoadAssemblies (70ms)
			RebuildTransferFunctionScriptingTraits (0ms)
			SetupTypeCache (247ms)
			ReleaseScriptCaches (1ms)
			RebuildScriptCaches (37ms)
			SetupLoadedEditorAssemblies (236ms)
				LogAssemblyErrors (0ms)
				InitializePlatformSupportModulesInManaged (6ms)
				SetLoadedEditorAssemblies (0ms)
				RefreshPlugins (0ms)
				BeforeProcessingInitializeOnLoad (43ms)
				ProcessInitializeOnLoadAttributes (178ms)
				ProcessInitializeOnLoadMethodAttributes (3ms)
				AfterProcessingInitializeOnLoad (5ms)
				EditorAssembliesLoaded (0ms)
			ExecutionOrderSort2 (0ms)
			AwakeInstancesAfterBackupRestoration (6ms)
Platform modules already initialized, skipping
Refreshing native plugins compatible for Editor in 0.34 ms, found 2 plugins.
Preloading 0 native plugins for Editor in 0.00 ms.
Unloading 1402 Unused Serialized files (Serialized files now loaded: 0)
System memory in use before: 68.4 MB.
System memory in use after: 68.5 MB.

Unloading 12 unused Assets to reduce memory usage. Loaded Objects now: 1856.
Total: 3.203600 ms (FindLiveObjects: 0.168100 ms CreateObjectMapping: 0.033600 ms MarkObjects: 2.971800 ms  DeleteObjects: 0.028800 ms)

AssetImportParameters requested are different than current active one (requested -> active):
  custom:framework-win-MediaFoundation: 216162199b28c13a410421893ffa2e32 -> 
  custom:video-decoder-ogg-theora: a1e56fd34408186e4bbccfd4996cb3dc -> 
  custom:container-muxer-webm: aa71ff27fc2769a1b78a27578f13a17b -> 
  custom:container-demuxer-webm: 4f35f7cbe854078d1ac9338744f61a02 -> 
  custom:container-demuxer-ogg: 62fdf1f143b41e24485cea50d1cbac27 -> 
  custom:video-encoder-webm-vp8: eb34c28f22e8b96e1ab97ce403110664 -> 
  custom:video-decoder-webm-vp8: 9c59270c3fd7afecdb556c50c9e8de78 -> 
  custom:audio-decoder-ogg-vorbis: bf7c407c2cedff20999df2af8eb42d56 -> 
  custom:audio-encoder-webm-vorbis: bf7c407c2cedff20999df2af8eb42d56 -> 
========================================================================
Received Import Request.
  Time since last request: 43.465380 seconds.
  path: Assets/ArcadeSpaceFlight/Content/Prefabs
  artifactKey: Guid(f59704db8dae58f48bdf73ef5ff122c7) Importer(815301076,1909f56bfc062723c751e8b465ee728b)
Start importing Assets/ArcadeSpaceFlight/Content/Prefabs using Guid(f59704db8dae58f48bdf73ef5ff122c7) Importer(815301076,1909f56bfc062723c751e8b465ee728b)  -> (artifact id: 'f45b2312abd3f638ebd584621f08d4f4') in 0.012418 seconds 
  Import took 0.015797 seconds .

AssetImportWorkerClient::OnTransportError - code=2 error=End of file
